
---
FILE: /Users/vikasmahar/Desktop/Sentinel_SDK/app-to-fix/src/server.js
ERROR: Cannot read properties of undefined (reading 'toUpperCase')
STACK: TypeError: Cannot read properties of undefined (reading 'toUpperCase')
    at /Users/vikasmahar/Desktop/Sentinel_SDK/app-to-fix/src/server.js:19:40
    at Layer.handleRequest (/Users/vikasmahar/Desktop/Sentinel_SDK/app-to-fix/node_modules/router/lib/layer.js:152:17)
    at next (/Users/vikasmahar/Desktop/Sentinel_SDK/app-to-fix/node_modules/router/lib/route.js:157:13)
    at Route.dispatch (/Users/vikasmahar/Desktop/Sentinel_SDK/app-to-fix/node_modules/router/lib/route.js:117:3)
    at handle (/Users/vikasmahar/Desktop/Sentinel_SDK/app-to-fix/node_modules/router/index.js:435:11)
    at Layer.handleRequest (/Users/vikasmahar/Desktop/Sentinel_SDK/app-to-fix/node_modules/router/lib/layer.js:152:17)
    at /Users/vikasmahar/Desktop/Sentinel_SDK/app-to-fix/node_modules/router/index.js:295:15
    at processParams (/Users/vikasmahar/Desktop/Sentinel_SDK/app-to-fix/node_modules/router/index.js:582:12)
    at next (/Users/vikasmahar/Desktop/Sentinel_SDK/app-to-fix/node_modules/router/index.js:291:5)
    at Function.handle (/Users/vikasmahar/Desktop/Sentinel_SDK/app-to-fix/node_modules/router/index.js:186:3)
---

---
FILE: /Users/vikasmahar/Desktop/Sentinel_SDK/app-to-fix/src/server.js
ERROR: Cannot read properties of undefined (reading 'toUpperCase')
STACK: TypeError: Cannot read properties of undefined (reading 'toUpperCase')
    at /Users/vikasmahar/Desktop/Sentinel_SDK/app-to-fix/src/server.js:19:40
    at Layer.handleRequest (/Users/vikasmahar/Desktop/Sentinel_SDK/app-to-fix/node_modules/router/lib/layer.js:152:17)
    at next (/Users/vikasmahar/Desktop/Sentinel_SDK/app-to-fix/node_modules/router/lib/route.js:157:13)
    at Route.dispatch (/Users/vikasmahar/Desktop/Sentinel_SDK/app-to-fix/node_modules/router/lib/route.js:117:3)
    at handle (/Users/vikasmahar/Desktop/Sentinel_SDK/app-to-fix/node_modules/router/index.js:435:11)
    at Layer.handleRequest (/Users/vikasmahar/Desktop/Sentinel_SDK/app-to-fix/node_modules/router/lib/layer.js:152:17)
    at /Users/vikasmahar/Desktop/Sentinel_SDK/app-to-fix/node_modules/router/index.js:295:15
    at processParams (/Users/vikasmahar/Desktop/Sentinel_SDK/app-to-fix/node_modules/router/index.js:582:12)
    at next (/Users/vikasmahar/Desktop/Sentinel_SDK/app-to-fix/node_modules/router/index.js:291:5)
    at Function.handle (/Users/vikasmahar/Desktop/Sentinel_SDK/app-to-fix/node_modules/router/index.js:186:3)
---
